<?xml version="1.0" encoding="UTF-8"?>
<!-- Generated by org.testng.reporters.JUnitReportReporter -->
<testsuite hostname="ShanuDilipSingh10" failures="0" tests="1" name="PageObjectM.LandingPage" time="12.131" errors="0" timestamp="03 Nov. 2021 19:13:00 GMT" skipped="0">
  <testcase classname="PageObjectM.LandingPage" name="Homepage" time="12.131"/>
</testsuite> <!-- PageObjectM.LandingPage -->
