<?xml version="1.0" encoding="UTF-8"?>
<!-- Generated by org.testng.reporters.JUnitReportReporter -->
<testsuite skipped="0" hostname="ShanuDilipSingh10" name="Utlities.DataProvider" tests="4" failures="0" timestamp="19 Nov 2021 17:20:04 GMT" time="0.016" errors="0">
  <testcase name="Method" time="0.010" classname="Utlities.DataProvider"/>
  <testcase name="Method" time="0.003" classname="Utlities.DataProvider"/>
  <testcase name="Method" time="0.002" classname="Utlities.DataProvider"/>
  <testcase name="Method" time="0.001" classname="Utlities.DataProvider"/>
</testsuite> <!-- Utlities.DataProvider -->
