<?xml version="1.0" encoding="UTF-8"?>
<!-- Generated by org.testng.reporters.JUnitReportReporter -->
<testsuite skipped="0" hostname="ShanuDilipSingh10" name="Utlities.Excel_Data" tests="1" failures="0" timestamp="19 Nov 2021 20:15:24 GMT" time="1.012" errors="0">
  <testcase name="GettingExcelData" time="1.012" classname="Utlities.Excel_Data"/>
</testsuite> <!-- Utlities.Excel_Data -->
