<?xml version="1.0" encoding="UTF-8"?>
<!-- Generated by org.testng.reporters.JUnitReportReporter -->
<testsuite skipped="0" hostname="ShanuDilipSingh10" name="Testcase.TC002Creatingaccount" tests="1" failures="0" timestamp="19 Nov 2021 21:50:06 GMT" time="4.950" errors="0">
  <testcase name="AccountCreation" time="4.950" classname="Testcase.TC002Creatingaccount"/>
</testsuite> <!-- Testcase.TC002Creatingaccount -->
