<?xml version="1.0" encoding="UTF-8"?>
<!-- Generated by org.testng.reporters.JUnitReportReporter -->
<testsuite hostname="ShanuDilipSingh10" failures="0" tests="1" name="Base.DriverInitialization" time="0.032" errors="0" timestamp="03 Nov. 2021 16:19:06 GMT" skipped="0">
  <testcase classname="Base.DriverInitialization" name="InitialationBrowsers" time="0.032"/>
</testsuite> <!-- Base.DriverInitialization -->
