<?xml version="1.0" encoding="UTF-8"?>
<!-- Generated by org.testng.reporters.JUnitReportReporter -->
<testsuite skipped="0" hostname="ShanuDilipSingh10" name="Utlities.getDataProvider" tests="4" failures="0" timestamp="19 Nov 2021 20:21:33 GMT" time="0.020" errors="0">
  <testcase name="Method" time="0.012" classname="Utlities.getDataProvider"/>
  <testcase name="Method" time="0.003" classname="Utlities.getDataProvider"/>
  <testcase name="Method" time="0.003" classname="Utlities.getDataProvider"/>
  <testcase name="Method" time="0.002" classname="Utlities.getDataProvider"/>
</testsuite> <!-- Utlities.getDataProvider -->
