<?xml version="1.0" encoding="UTF-8"?>
<!-- Generated by org.testng.reporters.JUnitReportReporter -->
<testsuite skipped="0" hostname="ShanuDilipSingh10" name="Testcase.TC002SignIn" tests="1" failures="0" timestamp="12 Nov 2021 21:31:06 GMT" time="6.088" errors="0">
  <testcase name="singin" time="6.088" classname="Testcase.TC002SignIn"/>
</testsuite> <!-- Testcase.TC002SignIn -->
