<?xml version="1.0" encoding="UTF-8"?>
<!-- Generated by org.testng.reporters.JUnitReportReporter -->
<testsuite hostname="ShanuDilipSingh10" failures="0" tests="1" name="Testcase.TC002" time="10.572" errors="0" timestamp="03 Nov. 2021 19:58:30 GMT" skipped="0">
  <testcase classname="Testcase.TC002" name="singin" time="10.572"/>
</testsuite> <!-- Testcase.TC002 -->
