<?xml version="1.0" encoding="UTF-8"?>
<!-- Generated by org.testng.reporters.JUnitReportReporter -->
<testsuite skipped="0" hostname="ShanuDilipSingh10" name="Testcase.TC003SignIn" tests="1" failures="0" timestamp="19 Nov 2021 22:07:07 GMT" time="6.834" errors="0">
  <testcase name="singin" time="6.834" classname="Testcase.TC003SignIn"/>
</testsuite> <!-- Testcase.TC003SignIn -->
